<?xml version="1.0" encoding="UTF-8"?>
<testsuites name="jest tests" tests="27" failures="0" errors="0" time="12.977">
  <testsuite name="REDUCERS" errors="0" failures="0" skipped="0" timestamp="2022-01-25T15:53:21" time="2.86" tests="3">
    <testcase classname="REDUCERS Reducer addStockData should work." name="REDUCERS Reducer addStockData should work." time="0.003">
    </testcase>
    <testcase classname="REDUCERS Reducer chosenStockReducer should work." name="REDUCERS Reducer chosenStockReducer should work." time="0.001">
    </testcase>
    <testcase classname="REDUCERS Reducer userReducer should work." name="REDUCERS Reducer userReducer should work." time="0.001">
    </testcase>
  </testsuite>
  <testsuite name="ACTION CREATORS" errors="0" failures="0" skipped="0" timestamp="2022-01-25T15:53:21" time="3.007" tests="4">
    <testcase classname="ACTION CREATORS chosenStockActions.js -&gt; Action creator addStockData should work." name="ACTION CREATORS chosenStockActions.js -&gt; Action creator addStockData should work." time="0.002">
    </testcase>
    <testcase classname="ACTION CREATORS stockDataActions.js -&gt; Action creator selectStock should work." name="ACTION CREATORS stockDataActions.js -&gt; Action creator selectStock should work." time="0.001">
    </testcase>
    <testcase classname="ACTION CREATORS userActions.js -&gt; Action creator setUser should work." name="ACTION CREATORS userActions.js -&gt; Action creator setUser should work." time="0.001">
    </testcase>
    <testcase classname="ACTION CREATORS userActions.js -&gt; Action creator unsetUser should work." name="ACTION CREATORS userActions.js -&gt; Action creator unsetUser should work." time="0">
    </testcase>
  </testsuite>
  <testsuite name="SignUp" errors="0" failures="0" skipped="0" timestamp="2022-01-25T15:53:21" time="3.049" tests="1">
    <testcase classname="SignUp SignUp snapshot renders" name="SignUp SignUp snapshot renders" time="0.03">
    </testcase>
  </testsuite>
  <testsuite name="undefined" errors="0" failures="0" skipped="0" timestamp="2022-01-25T15:53:21" time="3.89" tests="5">
    <testcase classname=" Get Digits" name=" Get Digits" time="0.003">
    </testcase>
    <testcase classname=" Sort Objects by symbol" name=" Sort Objects by symbol" time="0.001">
    </testcase>
    <testcase classname=" SortObjects by price" name=" SortObjects by price" time="0.001">
    </testcase>
    <testcase classname=" SortObjects by price" name=" SortObjects by price" time="0">
    </testcase>
    <testcase classname=" Sort Array of strings" name=" Sort Array of strings" time="0.001">
    </testcase>
  </testsuite>
  <testsuite name="SNAPSHOT TESTS" errors="0" failures="0" skipped="0" timestamp="2022-01-25T15:53:21" time="5.542" tests="6">
    <testcase classname="SNAPSHOT TESTS SignUp snapshot renders" name="SNAPSHOT TESTS SignUp snapshot renders" time="0.016">
    </testcase>
    <testcase classname="UNIT TESTS Log In form is usable." name="UNIT TESTS Log In form is usable." time="0.129">
    </testcase>
    <testcase classname="UNIT TESTS Log In button is disabled if form is loading Firebase status, or if email or password are not filled out." name="UNIT TESTS Log In button is disabled if form is loading Firebase status, or if email or password are not filled out." time="0.049">
    </testcase>
    <testcase classname="INTEGRATION TESTS Sign in should throw error on wrong credentials." name="INTEGRATION TESTS Sign in should throw error on wrong credentials." time="0.325">
    </testcase>
    <testcase classname="INTEGRATION TESTS Sign in should return logged in user from Firebase on correct credentials. " name="INTEGRATION TESTS Sign in should return logged in user from Firebase on correct credentials. " time="0.536">
    </testcase>
    <testcase classname="INTEGRATION TESTS Sign out should work with Firebase." name="INTEGRATION TESTS Sign out should work with Firebase." time="0.79">
    </testcase>
  </testsuite>
  <testsuite name="SNAPSHOT TESTS" errors="0" failures="0" skipped="0" timestamp="2022-01-25T15:53:21" time="6.741" tests="4">
    <testcase classname="SNAPSHOT TESTS Profile snapshot renders" name="SNAPSHOT TESTS Profile snapshot renders" time="0.025">
    </testcase>
    <testcase classname="UNIT TESTS Update profile button is disabled if no password is provided." name="UNIT TESTS Update profile button is disabled if no password is provided." time="0.184">
    </testcase>
    <testcase classname="INTEGRATION TESTS Update profile should throw error on wrong credentials." name="INTEGRATION TESTS Update profile should throw error on wrong credentials." time="0.886">
    </testcase>
    <testcase classname="INTEGRATION TESTS Update displayName should work." name="INTEGRATION TESTS Update displayName should work." time="1.943">
    </testcase>
  </testsuite>
  <testsuite name="undefined" errors="0" failures="0" skipped="0" timestamp="2022-01-25T15:53:21" time="10.651" tests="4">
    <testcase classname=" Always true test" name=" Always true test" time="0.001">
    </testcase>
    <testcase classname="Table Table snapshot renders" name="Table Table snapshot renders" time="0.113">
    </testcase>
    <testcase classname="Table should have one Table" name="Table should have one Table" time="0.005">
    </testcase>
    <testcase classname="Input value for Search updates on change" name="Input value for Search updates on change" time="0.123">
    </testcase>
  </testsuite>
</testsuites>